<?xml version="1.0" encoding="UTF-8"?>
<!-- Generated by org.testng.reporters.JUnitXMLReporter -->
<testsuite hostname="IBM-PF3DZ8GN" failures="0" tests="4" name="Test" time="0.02" errors="0" timestamp="10 Jun 2022 07:40:36 GMT">
  <testcase classname="com.qa.testcases.LoginTest2" name="loginPageTitle" time="0.008"/>
  <testcase classname="com.qa.testcases.LoginTest3" name="loginPageTitle" time="0.001"/>
  <testcase classname="com.qa.testcases.LoginTest2" name="crmLogo" time="0.0"/>
  <testcase classname="com.qa.testcases.LoginTest3" name="crmLogo" time="0.0"/>
</testsuite> <!-- Test -->
