<?xml version="1.0" encoding="UTF-8"?>
<testng-results total="4" passed="4" failed="0" skipped="0">
  <reporter-output>
  </reporter-output>
  <suite started-at="2022-06-10T07:40:36Z" name="Suite" finished-at="2022-06-10T07:40:36Z" duration-ms="20">
    <groups>
    </groups>
    <test started-at="2022-06-10T07:40:36Z" name="Test" finished-at="2022-06-10T07:40:36Z" duration-ms="20">
      <class name="com.qa.testcases.LoginTest3">
        <test-method signature="loginPageTitle()[pri:2, instance:com.qa.testcases.LoginTest3@7fbdb894]" started-at="2022-06-10T13:10:36Z" name="loginPageTitle" finished-at="2022-06-10T13:10:36Z" duration-ms="1" status="PASS">
          <reporter-output>
          </reporter-output>
        </test-method> <!-- loginPageTitle -->
        <test-method signature="crmLogo()[pri:5, instance:com.qa.testcases.LoginTest3@7fbdb894]" started-at="2022-06-10T13:10:36Z" name="crmLogo" finished-at="2022-06-10T13:10:36Z" duration-ms="0" status="PASS">
          <reporter-output>
          </reporter-output>
        </test-method> <!-- crmLogo -->
      </class> <!-- com.qa.testcases.LoginTest3 -->
      <class name="com.qa.testcases.LoginTest2">
        <test-method signature="loginPageTitle()[pri:1, instance:com.qa.testcases.LoginTest2@d278d2b]" started-at="2022-06-10T13:10:36Z" name="loginPageTitle" finished-at="2022-06-10T13:10:36Z" duration-ms="8" status="PASS">
          <reporter-output>
          </reporter-output>
        </test-method> <!-- loginPageTitle -->
        <test-method signature="crmLogo()[pri:4, instance:com.qa.testcases.LoginTest2@d278d2b]" started-at="2022-06-10T13:10:36Z" name="crmLogo" finished-at="2022-06-10T13:10:36Z" duration-ms="0" status="PASS">
          <reporter-output>
          </reporter-output>
        </test-method> <!-- crmLogo -->
      </class> <!-- com.qa.testcases.LoginTest2 -->
    </test> <!-- Test -->
  </suite> <!-- Suite -->
</testng-results>
